<!DOCTYPE html PUBLIC "-//W3C//DTD XHTML 1.1//EN" "https://www.w3.org/TR/xhtml11/DTD/xhtml11.dtd">
<html xmlns="https://www.w3.org/1999/xhtml">
<head>
<meta http-equiv="content-type" content="text/html; charset=UTF-8"/>
<title>TestNG Report</title>
<style type="text/css">table {margin-bottom:10px;border-collapse:collapse;empty-cells:show}th,td {border:1px solid #009;padding:.25em .5em}th {vertical-align:bottom}td {vertical-align:top}table a {font-weight:bold}.stripe td {background-color: #E6EBF9}.num {text-align:right}.passedodd td {background-color: #3F3}.passedeven td {background-color: #0A0}.skippedodd td {background-color: #DDD}.skippedeven td {background-color: #CCC}.failedodd td,.attn {background-color: #F33}.failedeven td,.stripe .attn {background-color: #D00}.stacktrace {white-space:pre;font-family:monospace}.totop {font-size:85%;text-align:center;border-bottom:2px solid #000}.invisible {display:none}</style>
</head>
<body>
<table>
<tr><th>Test</th><th># Passed</th><th># Skipped</th><th># Retried</th><th># Failed</th><th>Time (ms)</th><th>Included Groups</th><th>Excluded Groups</th></tr>
<tr><th colspan="8">Default suite</th></tr>
<tr><td><a href="#t0">Default test</a></td><td class="num">5</td><td class="num">0</td><td class="num">0</td><td class="num attn">2</td><td class="num">22,153</td><td></td><td></td></tr>
</table>
<table id='summary'><thead><tr><th>Class</th><th>Method</th><th>Start</th><th>Time (ms)</th></tr></thead><tbody><tr><th colspan="4">Default suite</th></tr></tbody><tbody id="t0"><tr><th colspan="4">Default test &#8212; failed</th></tr><tr class="failedeven"><td rowspan="2">testcase.Only_Training</td><td><a href="#m0">HomePageElementsprint</a></td><td rowspan="1">1692247751470</td><td rowspan="1">3030</td></tr><tr class="failedeven"><td><a href="#m1">Training</a></td><td rowspan="1">1692247754610</td><td rowspan="1">11095</td></tr><tr><th colspan="4">Default test &#8212; passed</th></tr><tr class="passedeven"><td rowspan="5">testcase.Only_Training</td><td><a href="#m2">Check_HomepageAllLinks</a></td><td rowspan="1">1692247751152</td><td rowspan="1">316</td></tr><tr class="passedeven"><td><a href="#m3">LoginPage_Links</a></td><td rowspan="1">1692247743583</td><td rowspan="1">952</td></tr><tr class="passedeven"><td><a href="#m4">Loginpage_Elements</a></td><td rowspan="1">1692247744583</td><td rowspan="1">311</td></tr><tr class="passedeven"><td><a href="#m5">Recognizer_login</a></td><td rowspan="1">1692247744898</td><td rowspan="1">6248</td></tr><tr class="passedeven"><td><a href="#m6">project_click1</a></td><td rowspan="1">1692247754504</td><td rowspan="1">104</td></tr></tbody>
</table>
<h2>Default test</h2><h3 id="m0">testcase.Only_Training#HomePageElementsprint</h3><table class="result"><tr><th>Messages</th></tr><tr><td><div class="messages">====================== Elements Counts ==============================<br/>The number of <div> elements is: 136</div></td></tr><tr><th>Exception</th></tr><tr><td><div class="stacktrace">java.lang.AssertionError: expected [114] but found [136]
	at org.testng.Assert.fail(Assert.java:110)
	at org.testng.Assert.failNotEquals(Assert.java:1577)
	at org.testng.Assert.assertEqualsImpl(Assert.java:149)
	at org.testng.Assert.assertEquals(Assert.java:131)
	at org.testng.Assert.assertEquals(Assert.java:655)
	at org.testng.Assert.assertEquals(Assert.java:665)
	at testcase.TC_005_Home_ElementPrint.HomePageElementsprint(TC_005_Home_ElementPrint.java:38)
	at java.base/jdk.internal.reflect.NativeMethodAccessorImpl.invoke0(Native Method)
	at java.base/jdk.internal.reflect.NativeMethodAccessorImpl.invoke(NativeMethodAccessorImpl.java:77)
	at java.base/jdk.internal.reflect.DelegatingMethodAccessorImpl.invoke(DelegatingMethodAccessorImpl.java:43)
	at java.base/java.lang.reflect.Method.invoke(Method.java:568)
	at org.testng.internal.invokers.MethodInvocationHelper.invokeMethod(MethodInvocationHelper.java:139)
	at org.testng.internal.invokers.TestInvoker.invokeMethod(TestInvoker.java:677)
	at org.testng.internal.invokers.TestInvoker.invokeTestMethod(TestInvoker.java:221)
	at org.testng.internal.invokers.MethodRunner.runInSequence(MethodRunner.java:50)
	at org.testng.internal.invokers.TestInvoker$MethodInvocationAgent.invoke(TestInvoker.java:969)
	at org.testng.internal.invokers.TestInvoker.invokeTestMethods(TestInvoker.java:194)
	at org.testng.internal.invokers.TestMethodWorker.invokeTestMethods(TestMethodWorker.java:148)
	at org.testng.internal.invokers.TestMethodWorker.run(TestMethodWorker.java:128)
	at java.base/java.util.ArrayList.forEach(ArrayList.java:1511)
	at org.testng.TestRunner.privateRun(TestRunner.java:829)
	at org.testng.TestRunner.run(TestRunner.java:602)
	at org.testng.SuiteRunner.runTest(SuiteRunner.java:437)
	at org.testng.SuiteRunner.runSequentially(SuiteRunner.java:431)
	at org.testng.SuiteRunner.privateRun(SuiteRunner.java:391)
	at org.testng.SuiteRunner.run(SuiteRunner.java:330)
	at org.testng.SuiteRunnerWorker.runSuite(SuiteRunnerWorker.java:52)
	at org.testng.SuiteRunnerWorker.run(SuiteRunnerWorker.java:95)
	at org.testng.TestNG.runSuitesSequentially(TestNG.java:1256)
	at org.testng.TestNG.runSuitesLocally(TestNG.java:1176)
	at org.testng.TestNG.runSuites(TestNG.java:1099)
	at org.testng.TestNG.run(TestNG.java:1067)
	at org.testng.remote.AbstractRemoteTestNG.run(AbstractRemoteTestNG.java:115)
	at org.testng.remote.RemoteTestNG.initAndRun(RemoteTestNG.java:251)
	at org.testng.remote.RemoteTestNG.main(RemoteTestNG.java:77)
</div></td></tr></table><p class="totop"><a href="#summary">back to summary</a></p>
<h3 id="m1">testcase.Only_Training#Training</h3><table class="result"><tr><th>Messages</th></tr><tr><td><div class="messages">====================== click on dataset ==============================</div></td></tr><tr><th>Exception</th></tr><tr><td><div class="stacktrace">org.openqa.selenium.NoSuchElementException: no such element: Unable to locate element: {&quot;method&quot;:&quot;xpath&quot;,&quot;selector&quot;:&quot;//*[text()=&apos;Start Training&apos;]&quot;}
  (Session info: chrome=115.0.5790.110)
For documentation on this error, please visit: https://selenium.dev/exceptions/#no_such_element
Build info: version: &apos;4.8.1&apos;, revision: &apos;8ebccac989&apos;
System info: os.name: &apos;Linux&apos;, os.arch: &apos;amd64&apos;, os.version: &apos;5.4.0-150-generic&apos;, java.version: &apos;17.0.6&apos;
Driver info: org.openqa.selenium.chrome.ChromeDriver
Command: [4390c3c328147f4c6e1149bb66263406, findElement {using=xpath, value=//*[text()=&apos;Start Training&apos;]}]
Capabilities {acceptInsecureCerts: false, browserName: chrome, browserVersion: 115.0.5790.110, chrome: {chromedriverVersion: 115.0.5790.170 (cc0d30c2ca5..., userDataDir: /tmp/.org.chromium.Chromium...}, goog:chromeOptions: {debuggerAddress: localhost:37085}, networkConnectionEnabled: false, pageLoadStrategy: normal, platformName: LINUX, proxy: Proxy(), se:cdp: ws://localhost:37085/devtoo..., se:cdpVersion: 115.0.5790.110, setWindowRect: true, strictFileInteractability: false, timeouts: {implicit: 0, pageLoad: 300000, script: 30000}, unhandledPromptBehavior: dismiss and notify, webauthn:extension:credBlob: true, webauthn:extension:largeBlob: true, webauthn:extension:minPinLength: true, webauthn:extension:prf: true, webauthn:virtualAuthenticators: true}
Session ID: 4390c3c328147f4c6e1149bb66263406
	at java.base/jdk.internal.reflect.NativeConstructorAccessorImpl.newInstance0(Native Method)
	at java.base/jdk.internal.reflect.NativeConstructorAccessorImpl.newInstance(NativeConstructorAccessorImpl.java:77)
	at java.base/jdk.internal.reflect.DelegatingConstructorAccessorImpl.newInstance(DelegatingConstructorAccessorImpl.java:45)
	at java.base/java.lang.reflect.Constructor.newInstanceWithCaller(Constructor.java:499)
	at java.base/java.lang.reflect.Constructor.newInstance(Constructor.java:480)
	at org.openqa.selenium.remote.codec.w3c.W3CHttpResponseCodec.createException(W3CHttpResponseCodec.java:200)
	at org.openqa.selenium.remote.codec.w3c.W3CHttpResponseCodec.decode(W3CHttpResponseCodec.java:133)
	at org.openqa.selenium.remote.codec.w3c.W3CHttpResponseCodec.decode(W3CHttpResponseCodec.java:53)
	at org.openqa.selenium.remote.HttpCommandExecutor.execute(HttpCommandExecutor.java:184)
	at org.openqa.selenium.remote.service.DriverCommandExecutor.invokeExecute(DriverCommandExecutor.java:167)
	at org.openqa.selenium.remote.service.DriverCommandExecutor.execute(DriverCommandExecutor.java:142)
	at org.openqa.selenium.remote.RemoteWebDriver.execute(RemoteWebDriver.java:543)
	at org.openqa.selenium.remote.ElementLocation$ElementFinder$2.findElement(ElementLocation.java:162)
	at org.openqa.selenium.remote.ElementLocation.findElement(ElementLocation.java:60)
	at org.openqa.selenium.remote.RemoteWebDriver.findElement(RemoteWebDriver.java:352)
	at org.openqa.selenium.remote.RemoteWebDriver.findElement(RemoteWebDriver.java:344)
	at testcase.Only_Training.Training(Only_Training.java:43)
	at java.base/jdk.internal.reflect.NativeMethodAccessorImpl.invoke0(Native Method)
	at java.base/jdk.internal.reflect.NativeMethodAccessorImpl.invoke(NativeMethodAccessorImpl.java:77)
	at java.base/jdk.internal.reflect.DelegatingMethodAccessorImpl.invoke(DelegatingMethodAccessorImpl.java:43)
	at java.base/java.lang.reflect.Method.invoke(Method.java:568)
	at org.testng.internal.invokers.MethodInvocationHelper.invokeMethod(MethodInvocationHelper.java:139)
	at org.testng.internal.invokers.TestInvoker.invokeMethod(TestInvoker.java:677)
	at org.testng.internal.invokers.TestInvoker.invokeTestMethod(TestInvoker.java:221)
	at org.testng.internal.invokers.MethodRunner.runInSequence(MethodRunner.java:50)
	at org.testng.internal.invokers.TestInvoker$MethodInvocationAgent.invoke(TestInvoker.java:969)
	at org.testng.internal.invokers.TestInvoker.invokeTestMethods(TestInvoker.java:194)
	at org.testng.internal.invokers.TestMethodWorker.invokeTestMethods(TestMethodWorker.java:148)
	at org.testng.internal.invokers.TestMethodWorker.run(TestMethodWorker.java:128)
	at java.base/java.util.ArrayList.forEach(ArrayList.java:1511)
	at org.testng.TestRunner.privateRun(TestRunner.java:829)
	at org.testng.TestRunner.run(TestRunner.java:602)
	at org.testng.SuiteRunner.runTest(SuiteRunner.java:437)
	at org.testng.SuiteRunner.runSequentially(SuiteRunner.java:431)
	at org.testng.SuiteRunner.privateRun(SuiteRunner.java:391)
	at org.testng.SuiteRunner.run(SuiteRunner.java:330)
	at org.testng.SuiteRunnerWorker.runSuite(SuiteRunnerWorker.java:52)
	at org.testng.SuiteRunnerWorker.run(SuiteRunnerWorker.java:95)
	at org.testng.TestNG.runSuitesSequentially(TestNG.java:1256)
	at org.testng.TestNG.runSuitesLocally(TestNG.java:1176)
	at org.testng.TestNG.runSuites(TestNG.java:1099)
	at org.testng.TestNG.run(TestNG.java:1067)
	at org.testng.remote.AbstractRemoteTestNG.run(AbstractRemoteTestNG.java:115)
	at org.testng.remote.RemoteTestNG.initAndRun(RemoteTestNG.java:251)
	at org.testng.remote.RemoteTestNG.main(RemoteTestNG.java:77)
</div></td></tr></table><p class="totop"><a href="#summary">back to summary</a></p>
<h3 id="m2">testcase.Only_Training#Check_HomepageAllLinks</h3><table class="result"><tr><th>Messages</th></tr><tr><td><div class="messages">Total links on page:9<br/>Links on page are javascript:void(0)<br/>Links on page are <br/>Links on page are javascript:void(0)<br/>Links on page are Cropping<br/>Links on page are javascript:void(0)<br/>Links on page are Annotation<br/>Links on page are javascript:void(0)<br/>Links on page are VMS<br/>Links on page are javascript:void(0)<br/>Links on page are Offline Analytics<br/>Links on page are javascript:void(0)<br/>Links on page are Real Time Analytics<br/>Links on page are javascript:void(0)<br/>Links on page are Settings<br/>Links on page are javascript:void(0)<br/>Links on page are Logout<br/>Links on page are javascript:void(0)<br/>Links on page are T<br/>Total broken list:0</div></td></tr></table><p class="totop"><a href="#summary">back to summary</a></p>
<h3 id="m3">testcase.Only_Training#LoginPage_Links</h3><table class="result"><tr><th>Messages</th></tr><tr><td><div class="messages">Total links on page:3<br/>Links on page are javascript:void(0)<br/>Links on page are <br/>Links on page are http://recognizer.solutions/auth/reset-password<br/>Links on page are Forgot Password ?<br/>Links on page are http://recognizer.solutions/auth/signup<br/>Links on page are Don't have account yet ?<br/>Total broken list:0</div></td></tr></table><p class="totop"><a href="#summary">back to summary</a></p>
<h3 id="m4">testcase.Only_Training#Loginpage_Elements</h3><table class="result"><tr><th>Messages</th></tr><tr><td><div class="messages">====================== Elements Counts ==============================<br/>The number of <div> elements is: 14<br/>====================== Elements Names ==============================<br/>Elements on page are : Please Sign in
E-Mail *
Password *
Forgot Password ?
Sign In
Don't have account yet ?<br/>====================== Location  ==============================<br/>Elements Location : (0, 0)<br/>====================== Elements Names ==============================<br/>Elements on page are : <br/>====================== Location  ==============================<br/>Elements Location : (0, 0)<br/>====================== Elements Names ==============================<br/>Elements on page are : Please Sign in
E-Mail *
Password *
Forgot Password ?
Sign In
Don't have account yet ?<br/>====================== Location  ==============================<br/>Elements Location : (0, 0)<br/>====================== Elements Names ==============================<br/>Elements on page are : Please Sign in
E-Mail *
Password *
Forgot Password ?
Sign In
Don't have account yet ?<br/>====================== Location  ==============================<br/>Elements Location : (0, 0)<br/>====================== Elements Names ==============================<br/>Elements on page are : Please Sign in
E-Mail *
Password *
Forgot Password ?
Sign In
Don't have account yet ?<br/>====================== Location  ==============================<br/>Elements Location : (0, 0)<br/>====================== Elements Names ==============================<br/>Elements on page are : Please Sign in
E-Mail *
Password *
Forgot Password ?
Sign In
Don't have account yet ?<br/>====================== Location  ==============================<br/>Elements Location : (916, 0)<br/>====================== Elements Names ==============================<br/>Elements on page are : E-Mail *<br/>====================== Location  ==============================<br/>Elements Location : (946, 173)<br/>====================== Elements Names ==============================<br/>Elements on page are : Password *<br/>====================== Location  ==============================<br/>Elements Location : (946, 254)<br/>====================== Elements Names ==============================<br/>Elements on page are : <br/>====================== Location  ==============================<br/>Elements Location : (946, 278)<br/>====================== Elements Names ==============================<br/>Elements on page are : <br/>====================== Location  ==============================<br/>Elements Location : (1312, 278)<br/>====================== Elements Names ==============================<br/>Elements on page are : <br/>====================== Location  ==============================<br/>Elements Location : (1312, 289)<br/>====================== Elements Names ==============================<br/>Elements on page are : Forgot Password ?<br/>====================== Location  ==============================<br/>Elements Location : (946, 340)<br/>====================== Elements Names ==============================<br/>Elements on page are : Sign In<br/>====================== Location  ==============================<br/>Elements Location : (946, 378)<br/>====================== Elements Names ==============================<br/>Elements on page are : Don't have account yet ?<br/>====================== Location  ==============================<br/>Elements Location : (946, 436)</div></td></tr></table><p class="totop"><a href="#summary">back to summary</a></p>
<h3 id="m5">testcase.Only_Training#Recognizer_login</h3><table class="result"><tr><th>Messages</th></tr><tr><td><div class="messages">enter username<br/>enter password <br/>click signin button</div></td></tr></table><p class="totop"><a href="#summary">back to summary</a></p>
<h3 id="m6">testcase.Only_Training#project_click1</h3><table class="result"><tr><th>Messages</th></tr><tr><td><div class="messages">Project found on the first page!</div></td></tr></table><p class="totop"><a href="#summary">back to summary</a></p>
</body>
</html>
