<?xml version="1.0" encoding="UTF-8"?>
<!-- Generated by org.testng.reporters.JUnitReportReporter -->
<testsuite hostname="RIPL-DST-031" failures="1" tests="7" name="testcase.Only_Training" time="22.056" errors="1" timestamp="2023-08-17T10:19:25 IST" skipped="0">
  <testcase classname="testcase.Only_Training" name="LoginPage_Links" time="0.952"/>
  <system-out>
    <![CDATA[Total links on page:3
Links on page are javascript:void(0)
Links on page are 
Links on page are http://recognizer.solutions/auth/reset-password
Links on page are Forgot Password ?
Links on page are http://recognizer.solutions/auth/signup
Links on page are Don't have account yet ?
Total broken list:0]]>
  </system-out>
  <testcase classname="testcase.Only_Training" name="Loginpage_Elements" time="0.311"/>
  <system-out>
    <![CDATA[====================== Elements Counts ==============================
The number of <div> elements is: 14
====================== Elements Names ==============================
Elements on page are : Please Sign in
E-Mail *
Password *
Forgot Password ?
Sign In
Don't have account yet ?
====================== Location  ==============================
Elements Location : (0, 0)
====================== Elements Names ==============================
Elements on page are : 
====================== Location  ==============================
Elements Location : (0, 0)
====================== Elements Names ==============================
Elements on page are : Please Sign in
E-Mail *
Password *
Forgot Password ?
Sign In
Don't have account yet ?
====================== Location  ==============================
Elements Location : (0, 0)
====================== Elements Names ==============================
Elements on page are : Please Sign in
E-Mail *
Password *
Forgot Password ?
Sign In
Don't have account yet ?
====================== Location  ==============================
Elements Location : (0, 0)
====================== Elements Names ==============================
Elements on page are : Please Sign in
E-Mail *
Password *
Forgot Password ?
Sign In
Don't have account yet ?
====================== Location  ==============================
Elements Location : (0, 0)
====================== Elements Names ==============================
Elements on page are : Please Sign in
E-Mail *
Password *
Forgot Password ?
Sign In
Don't have account yet ?
====================== Location  ==============================
Elements Location : (916, 0)
====================== Elements Names ==============================
Elements on page are : E-Mail *
====================== Location  ==============================
Elements Location : (946, 173)
====================== Elements Names ==============================
Elements on page are : Password *
====================== Location  ==============================
Elements Location : (946, 254)
====================== Elements Names ==============================
Elements on page are : 
====================== Location  ==============================
Elements Location : (946, 278)
====================== Elements Names ==============================
Elements on page are : 
====================== Location  ==============================
Elements Location : (1312, 278)
====================== Elements Names ==============================
Elements on page are : 
====================== Location  ==============================
Elements Location : (1312, 289)
====================== Elements Names ==============================
Elements on page are : Forgot Password ?
====================== Location  ==============================
Elements Location : (946, 340)
====================== Elements Names ==============================
Elements on page are : Sign In
====================== Location  ==============================
Elements Location : (946, 378)
====================== Elements Names ==============================
Elements on page are : Don't have account yet ?
====================== Location  ==============================
Elements Location : (946, 436)]]>
  </system-out>
  <testcase classname="testcase.Only_Training" name="Recognizer_login" time="6.248"/>
  <system-out>
    <![CDATA[enter username
enter password 
click signin button]]>
  </system-out>
  <testcase classname="testcase.Only_Training" name="Check_HomepageAllLinks" time="0.316"/>
  <system-out>
    <![CDATA[Total links on page:9
Links on page are javascript:void(0)
Links on page are 
Links on page are javascript:void(0)
Links on page are Cropping
Links on page are javascript:void(0)
Links on page are Annotation
Links on page are javascript:void(0)
Links on page are VMS
Links on page are javascript:void(0)
Links on page are Offline Analytics
Links on page are javascript:void(0)
Links on page are Real Time Analytics
Links on page are javascript:void(0)
Links on page are Settings
Links on page are javascript:void(0)
Links on page are Logout
Links on page are javascript:void(0)
Links on page are T
Total broken list:0]]>
  </system-out>
  <testcase classname="testcase.Only_Training" name="HomePageElementsprint" time="3.030">
    <failure message="expected [114] but found [136]" type="java.lang.AssertionError">
      <![CDATA[java.lang.AssertionError: expected [114] but found [136]
at org.testng.Assert.fail(Assert.java:110)
at org.testng.Assert.failNotEquals(Assert.java:1577)
at org.testng.Assert.assertEqualsImpl(Assert.java:149)
at org.testng.Assert.assertEquals(Assert.java:131)
at org.testng.Assert.assertEquals(Assert.java:655)
at org.testng.Assert.assertEquals(Assert.java:665)
at testcase.TC_005_Home_ElementPrint.HomePageElementsprint(TC_005_Home_ElementPrint.java:38)
at java.base/jdk.internal.reflect.NativeMethodAccessorImpl.invoke0(Native Method)
at java.base/jdk.internal.reflect.NativeMethodAccessorImpl.invoke(NativeMethodAccessorImpl.java:77)
at java.base/jdk.internal.reflect.DelegatingMethodAccessorImpl.invoke(DelegatingMethodAccessorImpl.java:43)
at java.base/java.lang.reflect.Method.invoke(Method.java:568)
at org.testng.internal.invokers.MethodInvocationHelper.invokeMethod(MethodInvocationHelper.java:139)
at org.testng.internal.invokers.TestInvoker.invokeMethod(TestInvoker.java:677)
at org.testng.internal.invokers.TestInvoker.invokeTestMethod(TestInvoker.java:221)
at org.testng.internal.invokers.MethodRunner.runInSequence(MethodRunner.java:50)
at org.testng.internal.invokers.TestInvoker$MethodInvocationAgent.invoke(TestInvoker.java:969)
at org.testng.internal.invokers.TestInvoker.invokeTestMethods(TestInvoker.java:194)
at org.testng.internal.invokers.TestMethodWorker.invokeTestMethods(TestMethodWorker.java:148)
at org.testng.internal.invokers.TestMethodWorker.run(TestMethodWorker.java:128)
at java.base/java.util.ArrayList.forEach(ArrayList.java:1511)
at org.testng.TestRunner.privateRun(TestRunner.java:829)
at org.testng.TestRunner.run(TestRunner.java:602)
at org.testng.SuiteRunner.runTest(SuiteRunner.java:437)
at org.testng.SuiteRunner.runSequentially(SuiteRunner.java:431)
at org.testng.SuiteRunner.privateRun(SuiteRunner.java:391)
at org.testng.SuiteRunner.run(SuiteRunner.java:330)
at org.testng.SuiteRunnerWorker.runSuite(SuiteRunnerWorker.java:52)
at org.testng.SuiteRunnerWorker.run(SuiteRunnerWorker.java:95)
at org.testng.TestNG.runSuitesSequentially(TestNG.java:1256)
at org.testng.TestNG.runSuitesLocally(TestNG.java:1176)
at org.testng.TestNG.runSuites(TestNG.java:1099)
at org.testng.TestNG.run(TestNG.java:1067)
at org.testng.remote.AbstractRemoteTestNG.run(AbstractRemoteTestNG.java:115)
at org.testng.remote.RemoteTestNG.initAndRun(RemoteTestNG.java:251)
at org.testng.remote.RemoteTestNG.main(RemoteTestNG.java:77)
]]>
    </failure>
  </testcase> <!-- HomePageElementsprint -->
  <system-out>
    <![CDATA[====================== Elements Counts ==============================
The number of <div> elements is: 136]]>
  </system-out>
  <testcase classname="testcase.Only_Training" name="project_click1" time="0.104"/>
  <system-out>
    <![CDATA[Project found on the first page!]]>
  </system-out>
  <testcase classname="testcase.Only_Training" name="Training" time="11.095">
    <error message="no such element: Unable to locate element: {&quot;method&quot;:&quot;xpath&quot;,&quot;selector&quot;:&quot;//*[text()=&#039;Start Training&#039;]&quot;}
  (Session info: chrome=115.0.5790.110)
For documentation on this error, please visit: https://selenium.dev/exceptions/#no_such_element
Build info: version: &#039;4.8.1&#039;, revision: &#039;8ebccac989&#039;
System info: os.name: &#039;Linux&#039;, os.arch: &#039;amd64&#039;, os.version: &#039;5.4.0-150-generic&#039;, java.version: &#039;17.0.6&#039;
Driver info: org.openqa.selenium.chrome.ChromeDriver
Command: [4390c3c328147f4c6e1149bb66263406, findElement {using=xpath, value=//*[text()=&#039;Start Training&#039;]}]
Capabilities {acceptInsecureCerts: false, browserName: chrome, browserVersion: 115.0.5790.110, chrome: {chromedriverVersion: 115.0.5790.170 (cc0d30c2ca5..., userDataDir: /tmp/.org.chromium.Chromium...}, goog:chromeOptions: {debuggerAddress: localhost:37085}, networkConnectionEnabled: false, pageLoadStrategy: normal, platformName: LINUX, proxy: Proxy(), se:cdp: ws://localhost:37085/devtoo..., se:cdpVersion: 115.0.5790.110, setWindowRect: true, strictFileInteractability: false, timeouts: {implicit: 0, pageLoad: 300000, script: 30000}, unhandledPromptBehavior: dismiss and notify, webauthn:extension:credBlob: true, webauthn:extension:largeBlob: true, webauthn:extension:minPinLength: true, webauthn:extension:prf: true, webauthn:virtualAuthenticators: true}
Session ID: 4390c3c328147f4c6e1149bb66263406" type="org.openqa.selenium.NoSuchElementException">
      <![CDATA[org.openqa.selenium.NoSuchElementException: no such element: Unable to locate element: {"method":"xpath","selector":"//*[text()='Start Training']"}
  (Session info: chrome=115.0.5790.110)
For documentation on this error, please visit: https://selenium.dev/exceptions/#no_such_element
Build info: version: '4.8.1', revision: '8ebccac989'
System info: os.name: 'Linux', os.arch: 'amd64', os.version: '5.4.0-150-generic', java.version: '17.0.6'
Driver info: org.openqa.selenium.chrome.ChromeDriver
Command: [4390c3c328147f4c6e1149bb66263406, findElement {using=xpath, value=//*[text()='Start Training']}]
Capabilities {acceptInsecureCerts: false, browserName: chrome, browserVersion: 115.0.5790.110, chrome: {chromedriverVersion: 115.0.5790.170 (cc0d30c2ca5..., userDataDir: /tmp/.org.chromium.Chromium...}, goog:chromeOptions: {debuggerAddress: localhost:37085}, networkConnectionEnabled: false, pageLoadStrategy: normal, platformName: LINUX, proxy: Proxy(), se:cdp: ws://localhost:37085/devtoo..., se:cdpVersion: 115.0.5790.110, setWindowRect: true, strictFileInteractability: false, timeouts: {implicit: 0, pageLoad: 300000, script: 30000}, unhandledPromptBehavior: dismiss and notify, webauthn:extension:credBlob: true, webauthn:extension:largeBlob: true, webauthn:extension:minPinLength: true, webauthn:extension:prf: true, webauthn:virtualAuthenticators: true}
Session ID: 4390c3c328147f4c6e1149bb66263406
at java.base/jdk.internal.reflect.NativeConstructorAccessorImpl.newInstance0(Native Method)
at java.base/jdk.internal.reflect.NativeConstructorAccessorImpl.newInstance(NativeConstructorAccessorImpl.java:77)
at java.base/jdk.internal.reflect.DelegatingConstructorAccessorImpl.newInstance(DelegatingConstructorAccessorImpl.java:45)
at java.base/java.lang.reflect.Constructor.newInstanceWithCaller(Constructor.java:499)
at java.base/java.lang.reflect.Constructor.newInstance(Constructor.java:480)
at org.openqa.selenium.remote.codec.w3c.W3CHttpResponseCodec.createException(W3CHttpResponseCodec.java:200)
at org.openqa.selenium.remote.codec.w3c.W3CHttpResponseCodec.decode(W3CHttpResponseCodec.java:133)
at org.openqa.selenium.remote.codec.w3c.W3CHttpResponseCodec.decode(W3CHttpResponseCodec.java:53)
at org.openqa.selenium.remote.HttpCommandExecutor.execute(HttpCommandExecutor.java:184)
at org.openqa.selenium.remote.service.DriverCommandExecutor.invokeExecute(DriverCommandExecutor.java:167)
at org.openqa.selenium.remote.service.DriverCommandExecutor.execute(DriverCommandExecutor.java:142)
at org.openqa.selenium.remote.RemoteWebDriver.execute(RemoteWebDriver.java:543)
at org.openqa.selenium.remote.ElementLocation$ElementFinder$2.findElement(ElementLocation.java:162)
at org.openqa.selenium.remote.ElementLocation.findElement(ElementLocation.java:60)
at org.openqa.selenium.remote.RemoteWebDriver.findElement(RemoteWebDriver.java:352)
at org.openqa.selenium.remote.RemoteWebDriver.findElement(RemoteWebDriver.java:344)
at testcase.Only_Training.Training(Only_Training.java:43)
at java.base/jdk.internal.reflect.NativeMethodAccessorImpl.invoke0(Native Method)
at java.base/jdk.internal.reflect.NativeMethodAccessorImpl.invoke(NativeMethodAccessorImpl.java:77)
at java.base/jdk.internal.reflect.DelegatingMethodAccessorImpl.invoke(DelegatingMethodAccessorImpl.java:43)
at java.base/java.lang.reflect.Method.invoke(Method.java:568)
at org.testng.internal.invokers.MethodInvocationHelper.invokeMethod(MethodInvocationHelper.java:139)
at org.testng.internal.invokers.TestInvoker.invokeMethod(TestInvoker.java:677)
at org.testng.internal.invokers.TestInvoker.invokeTestMethod(TestInvoker.java:221)
at org.testng.internal.invokers.MethodRunner.runInSequence(MethodRunner.java:50)
at org.testng.internal.invokers.TestInvoker$MethodInvocationAgent.invoke(TestInvoker.java:969)
at org.testng.internal.invokers.TestInvoker.invokeTestMethods(TestInvoker.java:194)
at org.testng.internal.invokers.TestMethodWorker.invokeTestMethods(TestMethodWorker.java:148)
at org.testng.internal.invokers.TestMethodWorker.run(TestMethodWorker.java:128)
at java.base/java.util.ArrayList.forEach(ArrayList.java:1511)
at org.testng.TestRunner.privateRun(TestRunner.java:829)
at org.testng.TestRunner.run(TestRunner.java:602)
at org.testng.SuiteRunner.runTest(SuiteRunner.java:437)
at org.testng.SuiteRunner.runSequentially(SuiteRunner.java:431)
at org.testng.SuiteRunner.privateRun(SuiteRunner.java:391)
at org.testng.SuiteRunner.run(SuiteRunner.java:330)
at org.testng.SuiteRunnerWorker.runSuite(SuiteRunnerWorker.java:52)
at org.testng.SuiteRunnerWorker.run(SuiteRunnerWorker.java:95)
at org.testng.TestNG.runSuitesSequentially(TestNG.java:1256)
at org.testng.TestNG.runSuitesLocally(TestNG.java:1176)
at org.testng.TestNG.runSuites(TestNG.java:1099)
at org.testng.TestNG.run(TestNG.java:1067)
at org.testng.remote.AbstractRemoteTestNG.run(AbstractRemoteTestNG.java:115)
at org.testng.remote.RemoteTestNG.initAndRun(RemoteTestNG.java:251)
at org.testng.remote.RemoteTestNG.main(RemoteTestNG.java:77)
]]>
    </error>
  </testcase> <!-- Training -->
  <system-out>
    <![CDATA[====================== click on dataset ==============================]]>
  </system-out>
</testsuite> <!-- testcase.Only_Training -->
